<?xml version="1.0" encoding="UTF-8"?>
<testng-results skipped="0" failed="0" ignored="0" total="1" passed="1">
  <reporter-output>
  </reporter-output>
  <suite name="Default suite" duration-ms="84" started-at="2020-05-11T16:22:27 IST" finished-at="2020-05-11T16:22:27 IST">
    <groups>
    </groups>
    <test name="Default test" duration-ms="84" started-at="2020-05-11T16:22:27 IST" finished-at="2020-05-11T16:22:27 IST">
      <class name="org.test.Test1">
        <test-method status="PASS" signature="validation()[pri:0, instance:org.test.Test1@15d0c81b]" name="validation" duration-ms="26" started-at="2020-05-11T16:22:27 IST" finished-at="2020-05-11T16:22:27 IST">
          <reporter-output>
          </reporter-output>
        </test-method> <!-- validation -->
      </class> <!-- org.test.Test1 -->
    </test> <!-- Default test -->
  </suite> <!-- Default suite -->
</testng-results>
